<?xml version="1.0" encoding="UTF-8"?>
<testsuite xmlns:xsi="http://www.w3.org/2001/XMLSchema-instance" xsi:noNamespaceSchemaLocation="https://maven.apache.org/surefire/maven-surefire-plugin/xsd/surefire-test-report-3.0.xsd" version="3.0" name="com.sagar.lahade.jobportal.JobportalApplicationTests" time="26.536" tests="1" errors="0" skipped="0" failures="0">
  <properties>
[...]
</properties>
  <testcase name="contextLoads" classname="com.sagar.lahade.jobportal.JobportalApplicationTests" time="1.104">
    <system-out><![CDATA[18:38:13.399 [main] INFO org.springframework.test.context.support.AnnotationConfigContextLoaderUtils -- Could not detect default configuration classes for test class [com.sagar.lahade.jobportal.JobportalApplicationTests]: JobportalApplicationTests does not declare any static, non-private, non-final, nested classes annotated with @Configuration.
18:38:13.572 [main] INFO org.springframework.boot.test.context.SpringBootTestContextBootstrapper -- Found @SpringBootConfiguration com.sagar.lahade.jobportal.JobportalApplication for test class com.sagar.lahade.jobportal.JobportalApplicationTests
18:38:13.763 [main] INFO org.springframework.boot.devtools.restart.RestartApplicationListener -- Restart disabled due to context in which it is running

  .   ____          _            __ _ _
 /\\ / ___'_ __ _ _(_)_ __  __ _ \ \ \ \
( ( )\___ | '_ | '_| | '_ \/ _` | \ \ \ \
 \\/  ___)| |_)| | | | | || (_| |  ) ) ) )
  '  |____| .__|_| |_|_| |_\__, | / / / /
 =========|_|==============|___/=/_/_/_/

 :: Spring Boot ::                (v3.3.2)

2024-08-22T18:38:14.269+05:30  INFO 15094 --- [           main] c.l.jobportal.JobportalApplicationTests  : Starting JobportalApplicationTests using Java 17.0.10 with PID 15094 (started by tushar in /Users/tushar/Desktop/spring-boot-3-project-job-portal-web-app-main/section-12-global-search/JobPortal)
2024-08-22T18:38:14.272+05:30  INFO 15094 --- [           main] c.l.jobportal.JobportalApplicationTests  : No active profile set, falling back to 1 default profile: "default"
2024-08-22T18:38:15.873+05:30  INFO 15094 --- [           main] .s.d.r.c.RepositoryConfigurationDelegate : Bootstrapping Spring Data JPA repositories in DEFAULT mode.
2024-08-22T18:38:16.063+05:30  INFO 15094 --- [           main] .s.d.r.c.RepositoryConfigurationDelegate : Finished Spring Data repository scanning in 180 ms. Found 7 JPA repository interfaces.
2024-08-22T18:38:17.014+05:30  INFO 15094 --- [           main] o.hibernate.jpa.internal.util.LogHelper  : HHH000204: Processing PersistenceUnitInfo [name: default]
2024-08-22T18:38:17.081+05:30  INFO 15094 --- [           main] org.hibernate.Version                    : HHH000412: Hibernate ORM core version 6.5.2.Final
2024-08-22T18:38:17.119+05:30  INFO 15094 --- [           main] o.h.c.internal.RegionFactoryInitiator    : HHH000026: Second-level cache disabled
2024-08-22T18:38:17.192+05:30 DEBUG 15094 --- [           main] org.hibernate.type.BasicTypeRegistry     : Adding type registration boolean -> org.hibernate.type.BasicTypeReference@7af327e3
2024-08-22T18:38:17.193+05:30 DEBUG 15094 --- [           main] org.hibernate.type.BasicTypeRegistry     : Adding type registration boolean -> org.hibernate.type.BasicTypeReference@7af327e3
2024-08-22T18:38:17.193+05:30 DEBUG 15094 --- [           main] org.hibernate.type.BasicTypeRegistry     : Adding type registration java.lang.Boolean -> org.hibernate.type.BasicTypeReference@7af327e3
2024-08-22T18:38:17.193+05:30 DEBUG 15094 --- [           main] org.hibernate.type.BasicTypeRegistry     : Adding type registration numeric_boolean -> org.hibernate.type.BasicTypeReference@743d0d44
2024-08-22T18:38:17.193+05:30 DEBUG 15094 --- [           main] org.hibernate.type.BasicTypeRegistry     : Adding type registration org.hibernate.type.NumericBooleanConverter -> org.hibernate.type.BasicTypeReference@743d0d44
2024-08-22T18:38:17.193+05:30 DEBUG 15094 --- [           main] org.hibernate.type.BasicTypeRegistry     : Adding type registration true_false -> org.hibernate.type.BasicTypeReference@35563e4c
2024-08-22T18:38:17.193+05:30 DEBUG 15094 --- [           main] org.hibernate.type.BasicTypeRegistry     : Adding type registration org.hibernate.type.TrueFalseConverter -> org.hibernate.type.BasicTypeReference@35563e4c
2024-08-22T18:38:17.193+05:30 DEBUG 15094 --- [           main] org.hibernate.type.BasicTypeRegistry     : Adding type registration yes_no -> org.hibernate.type.BasicTypeReference@6dd79214
2024-08-22T18:38:17.193+05:30 DEBUG 15094 --- [           main] org.hibernate.type.BasicTypeRegistry     : Adding type registration org.hibernate.type.YesNoConverter -> org.hibernate.type.BasicTypeReference@6dd79214
2024-08-22T18:38:17.193+05:30 DEBUG 15094 --- [           main] org.hibernate.type.BasicTypeRegistry     : Adding type registration byte -> org.hibernate.type.BasicTypeReference@ef86c72
2024-08-22T18:38:17.193+05:30 DEBUG 15094 --- [           main] org.hibernate.type.BasicTypeRegistry     : Adding type registration byte -> org.hibernate.type.BasicTypeReference@ef86c72
2024-08-22T18:38:17.194+05:30 DEBUG 15094 --- [           main] org.hibernate.type.BasicTypeRegistry     : Adding type registration java.lang.Byte -> org.hibernate.type.BasicTypeReference@ef86c72
2024-08-22T18:38:17.194+05:30 DEBUG 15094 --- [           main] org.hibernate.type.BasicTypeRegistry     : Adding type registration binary -> org.hibernate.type.BasicTypeReference@123307c4
2024-08-22T18:38:17.196+05:30 DEBUG 15094 --- [           main] org.hibernate.type.BasicTypeRegistry     : Adding type registration byte[] -> org.hibernate.type.BasicTypeReference@123307c4
2024-08-22T18:38:17.196+05:30 DEBUG 15094 --- [           main] org.hibernate.type.BasicTypeRegistry     : Adding type registration [B -> org.hibernate.type.BasicTypeReference@123307c4
2024-08-22T18:38:17.196+05:30 DEBUG 15094 --- [           main] org.hibernate.type.BasicTypeRegistry     : Adding type registration binary_wrapper -> org.hibernate.type.BasicTypeReference@ad3f70a
2024-08-22T18:38:17.197+05:30 DEBUG 15094 --- [           main] org.hibernate.type.BasicTypeRegistry     : Adding type registration wrapper-binary -> org.hibernate.type.BasicTypeReference@ad3f70a
2024-08-22T18:38:17.197+05:30 DEBUG 15094 --- [           main] org.hibernate.type.BasicTypeRegistry     : Adding type registration image -> org.hibernate.type.BasicTypeReference@54ccb3
2024-08-22T18:38:17.197+05:30 DEBUG 15094 --- [           main] org.hibernate.type.BasicTypeRegistry     : Adding type registration blob -> org.hibernate.type.BasicTypeReference@9b2dc56
2024-08-22T18:38:17.197+05:30 DEBUG 15094 --- [           main] org.hibernate.type.BasicTypeRegistry     : Adding type registration java.sql.Blob -> org.hibernate.type.BasicTypeReference@9b2dc56
2024-08-22T18:38:17.197+05:30 DEBUG 15094 --- [           main] org.hibernate.type.BasicTypeRegistry     : Adding type registration materialized_blob -> org.hibernate.type.BasicTypeReference@621f23ac
2024-08-22T18:38:17.197+05:30 DEBUG 15094 --- [           main] org.hibernate.type.BasicTypeRegistry     : Adding type registration materialized_blob_wrapper -> org.hibernate.type.BasicTypeReference@7761e342
2024-08-22T18:38:17.197+05:30 DEBUG 15094 --- [           main] org.hibernate.type.BasicTypeRegistry     : Adding type registration short -> org.hibernate.type.BasicTypeReference@51f68849
2024-08-22T18:38:17.198+05:30 DEBUG 15094 --- [           main] org.hibernate.type.BasicTypeRegistry     : Adding type registration short -> org.hibernate.type.BasicTypeReference@51f68849
2024-08-22T18:38:17.198+05:30 DEBUG 15094 --- [           main] org.hibernate.type.BasicTypeRegistry     : Adding type registration java.lang.Short -> org.hibernate.type.BasicTypeReference@51f68849
2024-08-22T18:38:17.198+05:30 DEBUG 15094 --- [           main] org.hibernate.type.BasicTypeRegistry     : Adding type registration integer -> org.hibernate.type.BasicTypeReference@4eb9ae4d
2024-08-22T18:38:17.198+05:30 DEBUG 15094 --- [           main] org.hibernate.type.BasicTypeRegistry     : Adding type registration int -> org.hibernate.type.BasicTypeReference@4eb9ae4d
2024-08-22T18:38:17.198+05:30 DEBUG 15094 --- [           main] org.hibernate.type.BasicTypeRegistry     : Adding type registration java.lang.Integer -> org.hibernate.type.BasicTypeReference@4eb9ae4d
2024-08-22T18:38:17.198+05:30 DEBUG 15094 --- [           main] org.hibernate.type.BasicTypeRegistry     : Adding type registration long -> org.hibernate.type.BasicTypeReference@5520f675
2024-08-22T18:38:17.198+05:30 DEBUG 15094 --- [           main] org.hibernate.type.BasicTypeRegistry     : Adding type registration long -> org.hibernate.type.BasicTypeReference@5520f675
2024-08-22T18:38:17.198+05:30 DEBUG 15094 --- [           main] org.hibernate.type.BasicTypeRegistry     : Adding type registration java.lang.Long -> org.hibernate.type.BasicTypeReference@5520f675
2024-08-22T18:38:17.199+05:30 DEBUG 15094 --- [           main] org.hibernate.type.BasicTypeRegistry     : Adding type registration float -> org.hibernate.type.BasicTypeReference@2d237460
2024-08-22T18:38:17.200+05:30 DEBUG 15094 --- [           main] org.hibernate.type.BasicTypeRegistry     : Adding type registration float -> org.hibernate.type.BasicTypeReference@2d237460
2024-08-22T18:38:17.200+05:30 DEBUG 15094 --- [           main] org.hibernate.type.BasicTypeRegistry     : Adding type registration java.lang.Float -> org.hibernate.type.BasicTypeReference@2d237460
2024-08-22T18:38:17.200+05:30 DEBUG 15094 --- [           main] org.hibernate.type.BasicTypeRegistry     : Adding type registration double -> org.hibernate.type.BasicTypeReference@48f2054d
2024-08-22T18:38:17.200+05:30 DEBUG 15094 --- [           main] org.hibernate.type.BasicTypeRegistry     : Adding type registration double -> org.hibernate.type.BasicTypeReference@48f2054d
2024-08-22T18:38:17.200+05:30 DEBUG 15094 --- [           main] org.hibernate.type.BasicTypeRegistry     : Adding type registration java.lang.Double -> org.hibernate.type.BasicTypeReference@48f2054d
2024-08-22T18:38:17.200+05:30 DEBUG 15094 --- [           main] org.hibernate.type.BasicTypeRegistry     : Adding type registration big_integer -> org.hibernate.type.BasicTypeReference@4b3a01d8
2024-08-22T18:38:17.201+05:30 DEBUG 15094 --- [           main] org.hibernate.type.BasicTypeRegistry     : Adding type registration java.math.BigInteger -> org.hibernate.type.BasicTypeReference@4b3a01d8
2024-08-22T18:38:17.201+05:30 DEBUG 15094 --- [           main] org.hibernate.type.BasicTypeRegistry     : Adding type registration big_decimal -> org.hibernate.type.BasicTypeReference@19fbc594
2024-08-22T18:38:17.201+05:30 DEBUG 15094 --- [           main] org.hibernate.type.BasicTypeRegistry     : Adding type registration java.math.BigDecimal -> org.hibernate.type.BasicTypeReference@19fbc594
2024-08-22T18:38:17.201+05:30 DEBUG 15094 --- [           main] org.hibernate.type.BasicTypeRegistry     : Adding type registration character -> org.hibernate.type.BasicTypeReference@2f4d32bf
2024-08-22T18:38:17.201+05:30 DEBUG 15094 --- [           main] org.hibernate.type.BasicTypeRegistry     : Adding type registration char -> org.hibernate.type.BasicTypeReference@2f4d32bf
2024-08-22T18:38:17.202+05:30 DEBUG 15094 --- [           main] org.hibernate.type.BasicTypeRegistry     : Adding type registration java.lang.Character -> org.hibernate.type.BasicTypeReference@2f4d32bf
2024-08-22T18:38:17.202+05:30 DEBUG 15094 --- [           main] org.hibernate.type.BasicTypeRegistry     : Adding type registration character_nchar -> org.hibernate.type.BasicTypeReference@774d8276
2024-08-22T18:38:17.204+05:30 DEBUG 15094 --- [           main] org.hibernate.type.BasicTypeRegistry     : Adding type registration string -> org.hibernate.type.BasicTypeReference@6ce26986
2024-08-22T18:38:17.204+05:30 DEBUG 15094 --- [           main] org.hibernate.type.BasicTypeRegistry     : Adding type registration java.lang.String -> org.hibernate.type.BasicTypeReference@6ce26986
2024-08-22T18:38:17.204+05:30 DEBUG 15094 --- [           main] org.hibernate.type.BasicTypeRegistry     : Adding type registration nstring -> org.hibernate.type.BasicTypeReference@2bf2d6eb
2024-08-22T18:38:17.204+05:30 DEBUG 15094 --- [           main] org.hibernate.type.BasicTypeRegistry     : Adding type registration characters -> org.hibernate.type.BasicTypeReference@6d6cd1e0
2024-08-22T18:38:17.204+05:30 DEBUG 15094 --- [           main] org.hibernate.type.BasicTypeRegistry     : Adding type registration char[] -> org.hibernate.type.BasicTypeReference@6d6cd1e0
2024-08-22T18:38:17.205+05:30 DEBUG 15094 --- [           main] org.hibernate.type.BasicTypeRegistry     : Adding type registration [C -> org.hibernate.type.BasicTypeReference@6d6cd1e0
2024-08-22T18:38:17.205+05:30 DEBUG 15094 --- [           main] org.hibernate.type.BasicTypeRegistry     : Adding type registration wrapper-characters -> org.hibernate.type.BasicTypeReference@76a9a009
2024-08-22T18:38:17.206+05:30 DEBUG 15094 --- [           main] org.hibernate.type.BasicTypeRegistry     : Adding type registration text -> org.hibernate.type.BasicTypeReference@9785903
2024-08-22T18:38:17.206+05:30 DEBUG 15094 --- [           main] org.hibernate.type.BasicTypeRegistry     : Adding type registration ntext -> org.hibernate.type.BasicTypeReference@34009349
2024-08-22T18:38:17.206+05:30 DEBUG 15094 --- [           main] org.hibernate.type.BasicTypeRegistry     : Adding type registration clob -> org.hibernate.type.BasicTypeReference@3f68a7f8
2024-08-22T18:38:17.206+05:30 DEBUG 15094 --- [           main] org.hibernate.type.BasicTypeRegistry     : Adding type registration java.sql.Clob -> org.hibernate.type.BasicTypeReference@3f68a7f8
2024-08-22T18:38:17.206+05:30 DEBUG 15094 --- [           main] org.hibernate.type.BasicTypeRegistry     : Adding type registration nclob -> org.hibernate.type.BasicTypeReference@4faf1f4
2024-08-22T18:38:17.206+05:30 DEBUG 15094 --- [           main] org.hibernate.type.BasicTypeRegistry     : Adding type registration java.sql.NClob -> org.hibernate.type.BasicTypeReference@4faf1f4
2024-08-22T18:38:17.206+05:30 DEBUG 15094 --- [           main] org.hibernate.type.BasicTypeRegistry     : Adding type registration materialized_clob -> org.hibernate.type.BasicTypeReference@4f811029
2024-08-22T18:38:17.206+05:30 DEBUG 15094 --- [           main] org.hibernate.type.BasicTypeRegistry     : Adding type registration materialized_clob_char_array -> org.hibernate.type.BasicTypeReference@7f2b584b
2024-08-22T18:38:17.206+05:30 DEBUG 15094 --- [           main] org.hibernate.type.BasicTypeRegistry     : Adding type registration materialized_clob_character_array -> org.hibernate.type.BasicTypeReference@5866731
2024-08-22T18:38:17.206+05:30 DEBUG 15094 --- [           main] org.hibernate.type.BasicTypeRegistry     : Adding type registration materialized_nclob -> org.hibernate.type.BasicTypeReference@56a05324
2024-08-22T18:38:17.207+05:30 DEBUG 15094 --- [           main] org.hibernate.type.BasicTypeRegistry     : Adding type registration materialized_nclob_character_array -> org.hibernate.type.BasicTypeReference@11e71181
2024-08-22T18:38:17.207+05:30 DEBUG 15094 --- [           main] org.hibernate.type.BasicTypeRegistry     : Adding type registration materialized_nclob_char_array -> org.hibernate.type.BasicTypeReference@342beaf6
2024-08-22T18:38:17.207+05:30 DEBUG 15094 --- [           main] org.hibernate.type.BasicTypeRegistry     : Adding type registration Duration -> org.hibernate.type.BasicTypeReference@222acad
2024-08-22T18:38:17.207+05:30 DEBUG 15094 --- [           main] org.hibernate.type.BasicTypeRegistry     : Adding type registration java.time.Duration -> org.hibernate.type.BasicTypeReference@222acad
2024-08-22T18:38:17.208+05:30 DEBUG 15094 --- [           main] org.hibernate.type.BasicTypeRegistry     : Adding type registration LocalDateTime -> org.hibernate.type.BasicTypeReference@56cfe6be
2024-08-22T18:38:17.208+05:30 DEBUG 15094 --- [           main] org.hibernate.type.BasicTypeRegistry     : Adding type registration java.time.LocalDateTime -> org.hibernate.type.BasicTypeReference@56cfe6be
2024-08-22T18:38:17.208+05:30 DEBUG 15094 --- [           main] org.hibernate.type.BasicTypeRegistry     : Adding type registration LocalDate -> org.hibernate.type.BasicTypeReference@7f0d8eff
2024-08-22T18:38:17.208+05:30 DEBUG 15094 --- [           main] org.hibernate.type.BasicTypeRegistry     : Adding type registration java.time.LocalDate -> org.hibernate.type.BasicTypeReference@7f0d8eff
2024-08-22T18:38:17.208+05:30 DEBUG 15094 --- [           main] org.hibernate.type.BasicTypeRegistry     : Adding type registration LocalTime -> org.hibernate.type.BasicTypeReference@149aa7b2
2024-08-22T18:38:17.209+05:30 DEBUG 15094 --- [           main] org.hibernate.type.BasicTypeRegistry     : Adding type registration java.time.LocalTime -> org.hibernate.type.BasicTypeReference@149aa7b2
2024-08-22T18:38:17.210+05:30 DEBUG 15094 --- [           main] org.hibernate.type.BasicTypeRegistry     : Adding type registration OffsetDateTime -> org.hibernate.type.BasicTypeReference@3ca3648
2024-08-22T18:38:17.210+05:30 DEBUG 15094 --- [           main] org.hibernate.type.BasicTypeRegistry     : Adding type registration java.time.OffsetDateTime -> org.hibernate.type.BasicTypeReference@3ca3648
2024-08-22T18:38:17.210+05:30 DEBUG 15094 --- [           main] org.hibernate.type.BasicTypeRegistry     : Adding type registration OffsetDateTimeWithTimezone -> org.hibernate.type.BasicTypeReference@2a99ca99
2024-08-22T18:38:17.210+05:30 DEBUG 15094 --- [           main] org.hibernate.type.BasicTypeRegistry     : Adding type registration OffsetDateTimeWithoutTimezone -> org.hibernate.type.BasicTypeReference@39f0c343
2024-08-22T18:38:17.210+05:30 DEBUG 15094 --- [           main] org.hibernate.type.BasicTypeRegistry     : Adding type registration OffsetTime -> org.hibernate.type.BasicTypeReference@781654f8
2024-08-22T18:38:17.210+05:30 DEBUG 15094 --- [           main] org.hibernate.type.BasicTypeRegistry     : Adding type registration java.time.OffsetTime -> org.hibernate.type.BasicTypeReference@781654f8
2024-08-22T18:38:17.210+05:30 DEBUG 15094 --- [           main] org.hibernate.type.BasicTypeRegistry     : Adding type registration OffsetTimeUtc -> org.hibernate.type.BasicTypeReference@2abc55c4
2024-08-22T18:38:17.210+05:30 DEBUG 15094 --- [           main] org.hibernate.type.BasicTypeRegistry     : Adding type registration OffsetTimeWithTimezone -> org.hibernate.type.BasicTypeReference@4e958f08
2024-08-22T18:38:17.210+05:30 DEBUG 15094 --- [           main] org.hibernate.type.BasicTypeRegistry     : Adding type registration OffsetTimeWithoutTimezone -> org.hibernate.type.BasicTypeReference@71c0b742
2024-08-22T18:38:17.210+05:30 DEBUG 15094 --- [           main] org.hibernate.type.BasicTypeRegistry     : Adding type registration ZonedDateTime -> org.hibernate.type.BasicTypeReference@3bbb8c16
2024-08-22T18:38:17.210+05:30 DEBUG 15094 --- [           main] org.hibernate.type.BasicTypeRegistry     : Adding type registration java.time.ZonedDateTime -> org.hibernate.type.BasicTypeReference@3bbb8c16
2024-08-22T18:38:17.210+05:30 DEBUG 15094 --- [           main] org.hibernate.type.BasicTypeRegistry     : Adding type registration ZonedDateTimeWithTimezone -> org.hibernate.type.BasicTypeReference@73e1ecd0
2024-08-22T18:38:17.211+05:30 DEBUG 15094 --- [           main] org.hibernate.type.BasicTypeRegistry     : Adding type registration ZonedDateTimeWithoutTimezone -> org.hibernate.type.BasicTypeReference@11eec06b
2024-08-22T18:38:17.212+05:30 DEBUG 15094 --- [           main] org.hibernate.type.BasicTypeRegistry     : Adding type registration date -> org.hibernate.type.BasicTypeReference@65600fb3
2024-08-22T18:38:17.212+05:30 DEBUG 15094 --- [           main] org.hibernate.type.BasicTypeRegistry     : Adding type registration java.sql.Date -> org.hibernate.type.BasicTypeReference@65600fb3
2024-08-22T18:38:17.212+05:30 DEBUG 15094 --- [           main] org.hibernate.type.BasicTypeRegistry     : Adding type registration time -> org.hibernate.type.BasicTypeReference@25ce435
2024-08-22T18:38:17.212+05:30 DEBUG 15094 --- [           main] org.hibernate.type.BasicTypeRegistry     : Adding type registration java.sql.Time -> org.hibernate.type.BasicTypeReference@25ce435
2024-08-22T18:38:17.212+05:30 DEBUG 15094 --- [           main] org.hibernate.type.BasicTypeRegistry     : Adding type registration timestamp -> org.hibernate.type.BasicTypeReference@7ea71fc2
2024-08-22T18:38:17.212+05:30 DEBUG 15094 --- [           main] org.hibernate.type.BasicTypeRegistry     : Adding type registration java.sql.Timestamp -> org.hibernate.type.BasicTypeReference@7ea71fc2
2024-08-22T18:38:17.213+05:30 DEBUG 15094 --- [           main] org.hibernate.type.BasicTypeRegistry     : Adding type registration java.util.Date -> org.hibernate.type.BasicTypeReference@7ea71fc2
2024-08-22T18:38:17.213+05:30 DEBUG 15094 --- [           main] org.hibernate.type.BasicTypeRegistry     : Adding type registration calendar -> org.hibernate.type.BasicTypeReference@19ad75e5
2024-08-22T18:38:17.213+05:30 DEBUG 15094 --- [           main] org.hibernate.type.BasicTypeRegistry     : Adding type registration java.util.Calendar -> org.hibernate.type.BasicTypeReference@19ad75e5
2024-08-22T18:38:17.213+05:30 DEBUG 15094 --- [           main] org.hibernate.type.BasicTypeRegistry     : Adding type registration java.util.GregorianCalendar -> org.hibernate.type.BasicTypeReference@19ad75e5
2024-08-22T18:38:17.213+05:30 DEBUG 15094 --- [           main] org.hibernate.type.BasicTypeRegistry     : Adding type registration calendar_date -> org.hibernate.type.BasicTypeReference@7cd5fcf4
2024-08-22T18:38:17.213+05:30 DEBUG 15094 --- [           main] org.hibernate.type.BasicTypeRegistry     : Adding type registration calendar_time -> org.hibernate.type.BasicTypeReference@19cdc217
2024-08-22T18:38:17.213+05:30 DEBUG 15094 --- [           main] org.hibernate.type.BasicTypeRegistry     : Adding type registration instant -> org.hibernate.type.BasicTypeReference@5f5297e3
2024-08-22T18:38:17.214+05:30 DEBUG 15094 --- [           main] org.hibernate.type.BasicTypeRegistry     : Adding type registration java.time.Instant -> org.hibernate.type.BasicTypeReference@5f5297e3
2024-08-22T18:38:17.214+05:30 DEBUG 15094 --- [           main] org.hibernate.type.BasicTypeRegistry     : Adding type registration uuid -> org.hibernate.type.BasicTypeReference@2d22d3b1
2024-08-22T18:38:17.215+05:30 DEBUG 15094 --- [           main] org.hibernate.type.BasicTypeRegistry     : Adding type registration java.util.UUID -> org.hibernate.type.BasicTypeReference@2d22d3b1
2024-08-22T18:38:17.215+05:30 DEBUG 15094 --- [           main] org.hibernate.type.BasicTypeRegistry     : Adding type registration pg-uuid -> org.hibernate.type.BasicTypeReference@2d22d3b1
2024-08-22T18:38:17.215+05:30 DEBUG 15094 --- [           main] org.hibernate.type.BasicTypeRegistry     : Adding type registration uuid-binary -> org.hibernate.type.BasicTypeReference@7ec3a8bd
2024-08-22T18:38:17.215+05:30 DEBUG 15094 --- [           main] org.hibernate.type.BasicTypeRegistry     : Adding type registration uuid-char -> org.hibernate.type.BasicTypeReference@9690008
2024-08-22T18:38:17.215+05:30 DEBUG 15094 --- [           main] org.hibernate.type.BasicTypeRegistry     : Adding type registration class -> org.hibernate.type.BasicTypeReference@42cf6349
2024-08-22T18:38:17.215+05:30 DEBUG 15094 --- [           main] org.hibernate.type.BasicTypeRegistry     : Adding type registration java.lang.Class -> org.hibernate.type.BasicTypeReference@42cf6349
2024-08-22T18:38:17.215+05:30 DEBUG 15094 --- [           main] org.hibernate.type.BasicTypeRegistry     : Adding type registration currency -> org.hibernate.type.BasicTypeReference@79cb8ffa
2024-08-22T18:38:17.215+05:30 DEBUG 15094 --- [           main] org.hibernate.type.BasicTypeRegistry     : Adding type registration Currency -> org.hibernate.type.BasicTypeReference@79cb8ffa
2024-08-22T18:38:17.215+05:30 DEBUG 15094 --- [           main] org.hibernate.type.BasicTypeRegistry     : Adding type registration java.util.Currency -> org.hibernate.type.BasicTypeReference@79cb8ffa
2024-08-22T18:38:17.215+05:30 DEBUG 15094 --- [           main] org.hibernate.type.BasicTypeRegistry     : Adding type registration locale -> org.hibernate.type.BasicTypeReference@1a2e563e
2024-08-22T18:38:17.216+05:30 DEBUG 15094 --- [           main] org.hibernate.type.BasicTypeRegistry     : Adding type registration java.util.Locale -> org.hibernate.type.BasicTypeReference@1a2e563e
2024-08-22T18:38:17.216+05:30 DEBUG 15094 --- [           main] org.hibernate.type.BasicTypeRegistry     : Adding type registration serializable -> org.hibernate.type.BasicTypeReference@5b066c33
2024-08-22T18:38:17.217+05:30 DEBUG 15094 --- [           main] org.hibernate.type.BasicTypeRegistry     : Adding type registration java.io.Serializable -> org.hibernate.type.BasicTypeReference@5b066c33
2024-08-22T18:38:17.217+05:30 DEBUG 15094 --- [           main] org.hibernate.type.BasicTypeRegistry     : Adding type registration timezone -> org.hibernate.type.BasicTypeReference@62ea8931
2024-08-22T18:38:17.217+05:30 DEBUG 15094 --- [           main] org.hibernate.type.BasicTypeRegistry     : Adding type registration java.util.TimeZone -> org.hibernate.type.BasicTypeReference@62ea8931
2024-08-22T18:38:17.217+05:30 DEBUG 15094 --- [           main] org.hibernate.type.BasicTypeRegistry     : Adding type registration ZoneOffset -> org.hibernate.type.BasicTypeReference@47fb7ec9
2024-08-22T18:38:17.217+05:30 DEBUG 15094 --- [           main] org.hibernate.type.BasicTypeRegistry     : Adding type registration java.time.ZoneOffset -> org.hibernate.type.BasicTypeReference@47fb7ec9
2024-08-22T18:38:17.217+05:30 DEBUG 15094 --- [           main] org.hibernate.type.BasicTypeRegistry     : Adding type registration url -> org.hibernate.type.BasicTypeReference@2f8c4fae
2024-08-22T18:38:17.217+05:30 DEBUG 15094 --- [           main] org.hibernate.type.BasicTypeRegistry     : Adding type registration java.net.URL -> org.hibernate.type.BasicTypeReference@2f8c4fae
2024-08-22T18:38:17.217+05:30 DEBUG 15094 --- [           main] org.hibernate.type.BasicTypeRegistry     : Adding type registration vector -> org.hibernate.type.BasicTypeReference@4703c998
2024-08-22T18:38:17.218+05:30 DEBUG 15094 --- [           main] org.hibernate.type.BasicTypeRegistry     : Adding type registration row_version -> org.hibernate.type.BasicTypeReference@71166348
2024-08-22T18:38:17.224+05:30 DEBUG 15094 --- [           main] org.hibernate.type.BasicTypeRegistry     : Adding type registration object -> org.hibernate.type.JavaObjectType@cf01c2e
2024-08-22T18:38:17.224+05:30 DEBUG 15094 --- [           main] org.hibernate.type.BasicTypeRegistry     : Adding type registration java.lang.Object -> org.hibernate.type.JavaObjectType@cf01c2e
2024-08-22T18:38:17.225+05:30 DEBUG 15094 --- [           main] org.hibernate.type.BasicTypeRegistry     : Adding type registration null -> org.hibernate.type.NullType@625487a6
2024-08-22T18:38:17.226+05:30 DEBUG 15094 --- [           main] org.hibernate.type.BasicTypeRegistry     : Adding type registration imm_date -> org.hibernate.type.BasicTypeReference@682e445e
2024-08-22T18:38:17.226+05:30 DEBUG 15094 --- [           main] org.hibernate.type.BasicTypeRegistry     : Adding type registration imm_time -> org.hibernate.type.BasicTypeReference@79e10fb4
2024-08-22T18:38:17.226+05:30 DEBUG 15094 --- [           main] org.hibernate.type.BasicTypeRegistry     : Adding type registration imm_timestamp -> org.hibernate.type.BasicTypeReference@70fede7d
2024-08-22T18:38:17.226+05:30 DEBUG 15094 --- [           main] org.hibernate.type.BasicTypeRegistry     : Adding type registration imm_calendar -> org.hibernate.type.BasicTypeReference@36510e73
2024-08-22T18:38:17.226+05:30 DEBUG 15094 --- [           main] org.hibernate.type.BasicTypeRegistry     : Adding type registration imm_calendar_date -> org.hibernate.type.BasicTypeReference@2c47a053
2024-08-22T18:38:17.226+05:30 DEBUG 15094 --- [           main] org.hibernate.type.BasicTypeRegistry     : Adding type registration imm_calendar_time -> org.hibernate.type.BasicTypeReference@5d2a86c0
2024-08-22T18:38:17.226+05:30 DEBUG 15094 --- [           main] org.hibernate.type.BasicTypeRegistry     : Adding type registration imm_binary -> org.hibernate.type.BasicTypeReference@5ba1b62e
2024-08-22T18:38:17.226+05:30 DEBUG 15094 --- [           main] org.hibernate.type.BasicTypeRegistry     : Adding type registration imm_serializable -> org.hibernate.type.BasicTypeReference@65bd19bf
2024-08-22T18:38:17.517+05:30  INFO 15094 --- [           main] o.s.o.j.p.SpringPersistenceUnitInfo      : No LoadTimeWeaver setup: ignoring JPA class transformer
2024-08-22T18:38:17.554+05:30  INFO 15094 --- [           main] com.zaxxer.hikari.HikariDataSource       : HikariPool-1 - Starting...
2024-08-22T18:38:20.991+05:30  INFO 15094 --- [           main] com.zaxxer.hikari.pool.HikariPool        : HikariPool-1 - Added connection org.postgresql.jdbc.PgConnection@429f0ca8
2024-08-22T18:38:20.997+05:30  INFO 15094 --- [           main] com.zaxxer.hikari.HikariDataSource       : HikariPool-1 - Start completed.
2024-08-22T18:38:21.320+05:30  WARN 15094 --- [           main] org.hibernate.orm.deprecation            : HHH90000025: PostgreSQLDialect does not need to be specified explicitly using 'hibernate.dialect' (remove the property setting and it will be selected by default)
2024-08-22T18:38:21.976+05:30 DEBUG 15094 --- [           main] o.h.t.d.sql.spi.DdlTypeRegistry          : addDescriptor(2003, org.hibernate.type.descriptor.sql.internal.ArrayDdlTypeImpl@6ec3a4c2) replaced previous registration(org.hibernate.type.descriptor.sql.internal.ArrayDdlTypeImpl@bb50de6)
2024-08-22T18:38:21.977+05:30 DEBUG 15094 --- [           main] o.h.t.d.sql.spi.DdlTypeRegistry          : addDescriptor(6, org.hibernate.type.descriptor.sql.internal.CapacityDependentDdlType@2b6b487c) replaced previous registration(org.hibernate.type.descriptor.sql.internal.DdlTypeImpl@2d73767e)
2024-08-22T18:38:21.980+05:30 DEBUG 15094 --- [           main] o.h.t.d.jdbc.spi.JdbcTypeRegistry        : addDescriptor(2004, BlobTypeDescriptor(BLOB_BINDING)) replaced previous registration(BlobTypeDescriptor(DEFAULT))
2024-08-22T18:38:21.981+05:30 DEBUG 15094 --- [           main] o.h.t.d.jdbc.spi.JdbcTypeRegistry        : addDescriptor(2005, ClobTypeDescriptor(CLOB_BINDING)) replaced previous registration(ClobTypeDescriptor(DEFAULT))
2024-08-22T18:38:21.991+05:30 DEBUG 15094 --- [           main] org.hibernate.type.BasicTypeRegistry     : Adding type registration JAVA_OBJECT -> org.hibernate.type.JavaObjectType@2619cb76
2024-08-22T18:38:21.991+05:30 DEBUG 15094 --- [           main] org.hibernate.type.BasicTypeRegistry     : Adding type registration java.lang.Object -> org.hibernate.type.JavaObjectType@2619cb76
2024-08-22T18:38:21.992+05:30 DEBUG 15094 --- [           main] org.hibernate.type.BasicTypeRegistry     : Type registration key [java.lang.Object] overrode previous entry : `org.hibernate.type.JavaObjectType@cf01c2e`
2024-08-22T18:38:21.996+05:30 DEBUG 15094 --- [           main] org.hibernate.type.BasicTypeRegistry     : Adding type registration org.hibernate.type.DurationType -> basicType@1(java.time.Duration,3015)
2024-08-22T18:38:21.996+05:30 DEBUG 15094 --- [           main] org.hibernate.type.BasicTypeRegistry     : Adding type registration Duration -> basicType@1(java.time.Duration,3015)
2024-08-22T18:38:21.996+05:30 DEBUG 15094 --- [           main] org.hibernate.type.BasicTypeRegistry     : Adding type registration java.time.Duration -> basicType@1(java.time.Duration,3015)
2024-08-22T18:38:22.002+05:30 DEBUG 15094 --- [           main] org.hibernate.type.BasicTypeRegistry     : Adding type registration org.hibernate.type.OffsetDateTimeType -> basicType@2(java.time.OffsetDateTime,3003)
2024-08-22T18:38:22.003+05:30 DEBUG 15094 --- [           main] org.hibernate.type.BasicTypeRegistry     : Adding type registration OffsetDateTime -> basicType@2(java.time.OffsetDateTime,3003)
2024-08-22T18:38:22.003+05:30 DEBUG 15094 --- [           main] org.hibernate.type.BasicTypeRegistry     : Adding type registration java.time.OffsetDateTime -> basicType@2(java.time.OffsetDateTime,3003)
2024-08-22T18:38:22.003+05:30 DEBUG 15094 --- [           main] org.hibernate.type.BasicTypeRegistry     : Adding type registration org.hibernate.type.ZonedDateTimeType -> basicType@3(java.time.ZonedDateTime,3003)
2024-08-22T18:38:22.003+05:30 DEBUG 15094 --- [           main] org.hibernate.type.BasicTypeRegistry     : Adding type registration ZonedDateTime -> basicType@3(java.time.ZonedDateTime,3003)
2024-08-22T18:38:22.003+05:30 DEBUG 15094 --- [           main] org.hibernate.type.BasicTypeRegistry     : Adding type registration java.time.ZonedDateTime -> basicType@3(java.time.ZonedDateTime,3003)
2024-08-22T18:38:22.004+05:30 DEBUG 15094 --- [           main] org.hibernate.type.BasicTypeRegistry     : Adding type registration org.hibernate.type.OffsetTimeType -> basicType@4(java.time.OffsetTime,3007)
2024-08-22T18:38:22.005+05:30 DEBUG 15094 --- [           main] org.hibernate.type.BasicTypeRegistry     : Adding type registration OffsetTime -> basicType@4(java.time.OffsetTime,3007)
2024-08-22T18:38:22.005+05:30 DEBUG 15094 --- [           main] org.hibernate.type.BasicTypeRegistry     : Adding type registration java.time.OffsetTime -> basicType@4(java.time.OffsetTime,3007)
2024-08-22T18:38:22.007+05:30 DEBUG 15094 --- [           main] o.h.type.spi.TypeConfiguration$Scope     : Scoping TypeConfiguration [org.hibernate.type.spi.TypeConfiguration@681311a7] to MetadataBuildingContext [org.hibernate.boot.internal.MetadataBuildingContextRootImpl@2c7375da]
2024-08-22T18:38:23.775+05:30  INFO 15094 --- [           main] o.h.e.t.j.p.i.JtaPlatformInitiator       : HHH000489: No JTA platform available (set 'hibernate.transaction.jta.platform' to enable JTA platform integration)
2024-08-22T18:38:23.780+05:30 DEBUG 15094 --- [           main] o.h.type.spi.TypeConfiguration$Scope     : Scoping TypeConfiguration [org.hibernate.type.spi.TypeConfiguration@681311a7] to SessionFactoryImplementor [org.hibernate.internal.SessionFactoryImpl@4f5df012]
2024-08-22T18:38:35.256+05:30 TRACE 15094 --- [           main] o.h.type.spi.TypeConfiguration$Scope     : Handling #sessionFactoryCreated from [org.hibernate.internal.SessionFactoryImpl@4f5df012] for TypeConfiguration
2024-08-22T18:38:35.261+05:30  INFO 15094 --- [           main] j.LocalContainerEntityManagerFactoryBean : Initialized JPA EntityManagerFactory for persistence unit 'default'
2024-08-22T18:38:35.985+05:30  INFO 15094 --- [           main] o.s.d.j.r.query.QueryEnhancerFactory     : Hibernate is in classpath; If applicable, HQL parser will be used.
2024-08-22T18:38:36.170+05:30  WARN 15094 --- [           main] JpaBaseConfiguration$JpaWebConfiguration : spring.jpa.open-in-view is enabled by default. Therefore, database queries may be performed during view rendering. Explicitly configure spring.jpa.open-in-view to disable this warning
2024-08-22T18:38:36.234+05:30  INFO 15094 --- [           main] eAuthenticationProviderManagerConfigurer : Global AuthenticationManager configured with AuthenticationProvider bean with name authenticationProvider
2024-08-22T18:38:36.234+05:30  WARN 15094 --- [           main] r$InitializeUserDetailsManagerConfigurer : Global AuthenticationManager configured with an AuthenticationProvider bean. UserDetailsService beans will not be used for username/password login. Consider removing the AuthenticationProvider bean. Alternatively, consider using the UserDetailsService in a manually instantiated DaoAuthenticationProvider.
2024-08-22T18:38:36.340+05:30  INFO 15094 --- [           main] o.s.b.a.w.s.WelcomePageHandlerMapping    : Adding welcome page template: index
2024-08-22T18:38:38.528+05:30  INFO 15094 --- [           main] c.l.jobportal.JobportalApplicationTests  : Started JobportalApplicationTests in 24.774 seconds (process running for 26.344)
]]></system-out>
  </testcase>
</testsuite>